<?xml version="1.0" encoding="UTF-8"?>
<coverage generated="1459196667651" clover="3.2.0">
	<project timestamp="1459196667651"  name="All Files" >
		<metrics statements="38"  coveredstatements="2"  conditionals="19"  coveredconditionals="0"  methods="1"  coveredmethods="0"  elements="58"  coveredelements="2"  complexity="0"  packages="1"  files="1"  classes="1"  loc="199"  ncloc="199" />
		<package name="Utils" >
			<metrics statements="38"  coveredstatements="2"  conditionals="19"  coveredconditionals="0"  methods="1"  coveredmethods="0" />
			<file name="fieldValidation.js"  path="/Users/Dynopia/Development/PlaceAVote/MobileApp/PlaceAVoteApp/src/lib/Utils/fieldValidation.js" >
				<metrics statements="38"  coveredstatements="2"  conditionals="19"  coveredconditionals="0"  methods="1"  coveredmethods="0" />
				<line num="1"  count="1"  type="stmt" />
				<line num="100"  count="1"  type="stmt" />
				<line num="101"  count="0"  type="stmt" />
				<line num="103"  count="0"  type="cond"  truecount="0"  falsecount="7" />
				<line num="109"  count="0"  type="stmt" />
				<line num="111"  count="0"  type="cond"  truecount="0"  falsecount="2" />
				<line num="112"  count="0"  type="stmt" />
				<line num="114"  count="0"  type="stmt" />
				<line num="116"  count="0"  type="stmt" />
				<line num="123"  count="0"  type="stmt" />
				<line num="125"  count="0"  type="stmt" />
				<line num="126"  count="0"  type="cond"  truecount="0"  falsecount="2" />
				<line num="127"  count="0"  type="stmt" />
				<line num="129"  count="0"  type="stmt" />
				<line num="131"  count="0"  type="stmt" />
				<line num="137"  count="0"  type="stmt" />
				<line num="139"  count="0"  type="cond"  truecount="0"  falsecount="2" />
				<line num="140"  count="0"  type="stmt" />
				<line num="142"  count="0"  type="stmt" />
				<line num="144"  count="0"  type="stmt" />
				<line num="151"  count="0"  type="stmt" />
				<line num="153"  count="0"  type="cond"  truecount="0"  falsecount="2" />
				<line num="154"  count="0"  type="stmt" />
				<line num="156"  count="0"  type="stmt" />
				<line num="158"  count="0"  type="stmt" />
				<line num="165"  count="0"  type="stmt" />
				<line num="167"  count="0"  type="cond"  truecount="0"  falsecount="2" />
				<line num="168"  count="0"  type="stmt" />
				<line num="170"  count="0"  type="stmt" />
				<line num="172"  count="0"  type="stmt" />
				<line num="179"  count="0"  type="stmt" />
				<line num="182"  count="0"  type="cond"  truecount="0"  falsecount="2" />
				<line num="183"  count="0"  type="stmt" />
				<line num="185"  count="0"  type="stmt" />
				<line num="187"  count="0"  type="stmt" />
				<line num="194"  count="0"  type="stmt" />
				<line num="196"  count="0"  type="stmt" />
				<line num="199"  count="0"  type="stmt" />
			</file>
		</package>
	</project>
</coverage>
