{
"/Users/Dynopia/Development/PlaceAVote/MobileApp/PlaceAVoteApp/src/lib/Utils/fieldValidation.js":{"path":"/Users/Dynopia/Development/PlaceAVote/MobileApp/PlaceAVoteApp/src/lib/Utils/fieldValidation.js","s":{"1":1,"2":1,"3":1,"4":1,"5":1,"6":1,"7":1,"8":1,"9":1,"10":1,"11":1,"12":1,"13":1,"14":1,"15":1,"16":0,"17":0,"18":0,"19":0,"20":0,"21":0,"22":0,"23":0,"24":0,"25":0,"26":0,"27":0,"28":0,"29":0,"30":0,"31":0,"32":0,"33":0,"34":0,"35":0,"36":0,"37":0,"38":0,"39":0,"40":0,"41":0,"42":0,"43":0,"44":0,"45":0,"46":0,"47":0,"48":0,"49":0,"50":0,"51":0,"52":0,"53":0},"b":{"1":[0,0,0,0,0,0,0],"2":[0,0],"3":[0,0],"4":[0,0],"5":[0,0],"6":[0,0],"7":[0,0]},"f":{"1":0},"fnMap":{"1":{"name":"fieldValidation","line":100,"loc":{"start":{"line":100,"column":992},"end":{"line":100,"column":1030}}}},"statementMap":{"1":{"start":{"line":1,"column":13},"end":{"line":1,"column":70}},"2":{"start":{"line":1,"column":70},"end":{"line":100,"column":16}},"3":{"start":{"line":100,"column":16},"end":{"line":100,"column":90}},"4":{"start":{"line":100,"column":90},"end":{"line":100,"column":165}},"5":{"start":{"line":100,"column":165},"end":{"line":100,"column":206}},"6":{"start":{"line":100,"column":206},"end":{"line":100,"column":248}},"7":{"start":{"line":100,"column":248},"end":{"line":100,"column":392}},"8":{"start":{"line":100,"column":392},"end":{"line":100,"column":427}},"9":{"start":{"line":100,"column":427},"end":{"line":100,"column":529}},"10":{"start":{"line":100,"column":529},"end":{"line":100,"column":567}},"11":{"start":{"line":100,"column":567},"end":{"line":100,"column":678}},"12":{"start":{"line":100,"column":678},"end":{"line":100,"column":755}},"13":{"start":{"line":100,"column":755},"end":{"line":100,"column":923}},"14":{"start":{"line":100,"column":923},"end":{"line":100,"column":992}},"15":{"start":{"line":100,"column":992},"end":{"line":199,"column":14}},"16":{"start":{"line":100,"column":1031},"end":{"line":101,"column":15}},"17":{"start":{"line":101,"column":15},"end":{"line":101,"column":47}},"18":{"start":{"line":101,"column":47},"end":{"line":101,"column":79}},"19":{"start":{"line":103,"column":0},"end":{"line":196,"column":7}},"20":{"start":{"line":109,"column":0},"end":{"line":110,"column":22}},"21":{"start":{"line":111,"column":0},"end":{"line":114,"column":63}},"22":{"start":{"line":112,"column":0},"end":{"line":112,"column":63}},"23":{"start":{"line":114,"column":0},"end":{"line":114,"column":62}},"24":{"start":{"line":116,"column":0},"end":{"line":116,"column":6}},"25":{"start":{"line":123,"column":0},"end":{"line":124,"column":18}},"26":{"start":{"line":125,"column":0},"end":{"line":125,"column":43}},"27":{"start":{"line":126,"column":0},"end":{"line":129,"column":59}},"28":{"start":{"line":127,"column":0},"end":{"line":127,"column":59}},"29":{"start":{"line":129,"column":0},"end":{"line":129,"column":58}},"30":{"start":{"line":131,"column":0},"end":{"line":131,"column":6}},"31":{"start":{"line":137,"column":0},"end":{"line":138,"column":21}},"32":{"start":{"line":139,"column":0},"end":{"line":142,"column":62}},"33":{"start":{"line":140,"column":0},"end":{"line":140,"column":62}},"34":{"start":{"line":142,"column":0},"end":{"line":142,"column":61}},"35":{"start":{"line":144,"column":0},"end":{"line":144,"column":6}},"36":{"start":{"line":151,"column":0},"end":{"line":152,"column":19}},"37":{"start":{"line":153,"column":0},"end":{"line":156,"column":60}},"38":{"start":{"line":154,"column":0},"end":{"line":154,"column":60}},"39":{"start":{"line":156,"column":0},"end":{"line":156,"column":59}},"40":{"start":{"line":158,"column":0},"end":{"line":158,"column":6}},"41":{"start":{"line":165,"column":0},"end":{"line":166,"column":22}},"42":{"start":{"line":167,"column":0},"end":{"line":170,"column":63}},"43":{"start":{"line":168,"column":0},"end":{"line":168,"column":63}},"44":{"start":{"line":170,"column":0},"end":{"line":170,"column":62}},"45":{"start":{"line":172,"column":0},"end":{"line":172,"column":6}},"46":{"start":{"line":179,"column":0},"end":{"line":181,"column":50}},"47":{"start":{"line":182,"column":0},"end":{"line":185,"column":68}},"48":{"start":{"line":183,"column":0},"end":{"line":183,"column":68}},"49":{"start":{"line":185,"column":0},"end":{"line":185,"column":67}},"50":{"start":{"line":187,"column":0},"end":{"line":187,"column":6}},"51":{"start":{"line":194,"column":0},"end":{"line":195,"column":23}},"52":{"start":{"line":196,"column":0},"end":{"line":196,"column":6}},"53":{"start":{"line":199,"column":0},"end":{"line":199,"column":13}}},"branchMap":{"1":{"line":103,"type":"switch","locations":[{"start":{"line":108,"column":0},"end":{"line":116,"column":6}},{"start":{"line":122,"column":0},"end":{"line":131,"column":6}},{"start":{"line":136,"column":0},"end":{"line":144,"column":6}},{"start":{"line":150,"column":0},"end":{"line":158,"column":6}},{"start":{"line":164,"column":0},"end":{"line":172,"column":6}},{"start":{"line":178,"column":0},"end":{"line":187,"column":6}},{"start":{"line":193,"column":0},"end":{"line":196,"column":6}}]},"2":{"line":111,"type":"if","locations":[{"start":{"line":111,"column":0},"end":{"line":111,"column":0}},{"start":{"line":111,"column":0},"end":{"line":111,"column":0}}]},"3":{"line":126,"type":"if","locations":[{"start":{"line":126,"column":0},"end":{"line":126,"column":0}},{"start":{"line":126,"column":0},"end":{"line":126,"column":0}}]},"4":{"line":139,"type":"if","locations":[{"start":{"line":139,"column":0},"end":{"line":139,"column":0}},{"start":{"line":139,"column":0},"end":{"line":139,"column":0}}]},"5":{"line":153,"type":"if","locations":[{"start":{"line":153,"column":0},"end":{"line":153,"column":0}},{"start":{"line":153,"column":0},"end":{"line":153,"column":0}}]},"6":{"line":167,"type":"if","locations":[{"start":{"line":167,"column":0},"end":{"line":167,"column":0}},{"start":{"line":167,"column":0},"end":{"line":167,"column":0}}]},"7":{"line":182,"type":"if","locations":[{"start":{"line":182,"column":0},"end":{"line":182,"column":0}},{"start":{"line":182,"column":0},"end":{"line":182,"column":0}}]}},"l":{"1":1,"100":1,"101":0,"103":0,"109":0,"111":0,"112":0,"114":0,"116":0,"123":0,"125":0,"126":0,"127":0,"129":0,"131":0,"137":0,"139":0,"140":0,"142":0,"144":0,"151":0,"153":0,"154":0,"156":0,"158":0,"165":0,"167":0,"168":0,"170":0,"172":0,"179":0,"182":0,"183":0,"185":0,"187":0,"194":0,"196":0,"199":0}}}
