TN:
SF:/Users/Dynopia/Development/PlaceAVote/MobileApp/PlaceAVoteApp/src/lib/Utils/fieldValidation.js
FN:100,fieldValidation
FNF:1
FNH:0
FNDA:0,fieldValidation
DA:1,1
DA:100,1
DA:101,0
DA:103,0
DA:109,0
DA:111,0
DA:112,0
DA:114,0
DA:116,0
DA:123,0
DA:125,0
DA:126,0
DA:127,0
DA:129,0
DA:131,0
DA:137,0
DA:139,0
DA:140,0
DA:142,0
DA:144,0
DA:151,0
DA:153,0
DA:154,0
DA:156,0
DA:158,0
DA:165,0
DA:167,0
DA:168,0
DA:170,0
DA:172,0
DA:179,0
DA:182,0
DA:183,0
DA:185,0
DA:187,0
DA:194,0
DA:196,0
DA:199,0
LF:38
LH:2
BRDA:103,1,0,0
BRDA:103,1,1,0
BRDA:103,1,2,0
BRDA:103,1,3,0
BRDA:103,1,4,0
BRDA:103,1,5,0
BRDA:103,1,6,0
BRDA:111,2,0,0
BRDA:111,2,1,0
BRDA:126,3,0,0
BRDA:126,3,1,0
BRDA:139,4,0,0
BRDA:139,4,1,0
BRDA:153,5,0,0
BRDA:153,5,1,0
BRDA:167,6,0,0
BRDA:167,6,1,0
BRDA:182,7,0,0
BRDA:182,7,1,0
BRF:19
BRH:0
end_of_record
